0 info it worked if it ends with ok
1 verbose cli [ '/usr/local/bin/node',
1 verbose cli   '/usr/local/bin/npm',
1 verbose cli   'run-script',
1 verbose cli   'debug',
1 verbose cli   '--inspect-brk=43530',
1 verbose cli   'VietStock/CrawScript.js' ]
2 info using npm@3.10.10
3 info using node@v6.9.5
4 verbose stack Error: ENOENT: no such file or directory, open '/Volumes/Projects/David/Stock/craw-data-vietstock/package.json'
4 verbose stack     at Error (native)
5 verbose cwd /Volumes/Projects/David/Stock/craw-data-vietstock
6 error Darwin 17.7.0
7 error argv "/usr/local/bin/node" "/usr/local/bin/npm" "run-script" "debug" "--inspect-brk=43530" "VietStock/CrawScript.js"
8 error node v6.9.5
9 error npm  v3.10.10
10 error path /Volumes/Projects/David/Stock/craw-data-vietstock/package.json
11 error code ENOENT
12 error errno -2
13 error syscall open
14 error enoent ENOENT: no such file or directory, open '/Volumes/Projects/David/Stock/craw-data-vietstock/package.json'
15 error enoent ENOENT: no such file or directory, open '/Volumes/Projects/David/Stock/craw-data-vietstock/package.json'
15 error enoent This is most likely not a problem with npm itself
15 error enoent and is related to npm not being able to find a file.
16 verbose exit [ -2, true ]
